D:\我的文档\VISUAL STUDIO 2010\PROJECTS\练习\DEBUG\练习.EXE
D:\我的文档\VISUAL STUDIO 2010\PROJECTS\练习\DEBUG\练习.ILK
D:\我的文档\VISUAL STUDIO 2010\PROJECTS\练习\DEBUG\练习.PDB
d:\我的文档\visual studio 2010\Projects\练习\练习\Debug\cl.command.1.tlog
d:\我的文档\visual studio 2010\Projects\练习\练习\Debug\CL.read.1.tlog
d:\我的文档\visual studio 2010\Projects\练习\练习\Debug\CL.write.1.tlog
D:\我的文档\VISUAL STUDIO 2010\PROJECTS\练习\练习\DEBUG\FUNC001.OBJ
D:\我的文档\VISUAL STUDIO 2010\PROJECTS\练习\练习\DEBUG\FUNC002.OBJ
D:\我的文档\VISUAL STUDIO 2010\PROJECTS\练习\练习\DEBUG\FUNC003.OBJ
D:\我的文档\VISUAL STUDIO 2010\PROJECTS\练习\练习\DEBUG\FUNC004.OBJ
D:\我的文档\VISUAL STUDIO 2010\PROJECTS\练习\练习\DEBUG\FUNC004-ACCESS.OBJ
D:\我的文档\VISUAL STUDIO 2010\PROJECTS\练习\练习\DEBUG\FUNC005.OBJ
D:\我的文档\VISUAL STUDIO 2010\PROJECTS\练习\练习\DEBUG\FUNC005-ACOS.OBJ
D:\我的文档\VISUAL STUDIO 2010\PROJECTS\练习\练习\DEBUG\FUNC006.OBJ
D:\我的文档\VISUAL STUDIO 2010\PROJECTS\练习\练习\DEBUG\FUNC007.OBJ
D:\我的文档\VISUAL STUDIO 2010\PROJECTS\练习\练习\DEBUG\FUNC008.OBJ
D:\我的文档\VISUAL STUDIO 2010\PROJECTS\练习\练习\DEBUG\FUNC008-ASIN.OBJ
D:\我的文档\VISUAL STUDIO 2010\PROJECTS\练习\练习\DEBUG\FUNC009.OBJ
D:\我的文档\VISUAL STUDIO 2010\PROJECTS\练习\练习\DEBUG\FUNC009-ASSERT.OBJ
D:\我的文档\VISUAL STUDIO 2010\PROJECTS\练习\练习\DEBUG\FUNC010-MEMCPY.OBJ
d:\我的文档\visual studio 2010\Projects\练习\练习\Debug\link.command.1.tlog
d:\我的文档\visual studio 2010\Projects\练习\练习\Debug\link.read.1.tlog
d:\我的文档\visual studio 2010\Projects\练习\练习\Debug\link.write.1.tlog
D:\我的文档\VISUAL STUDIO 2010\PROJECTS\练习\练习\DEBUG\MAP001.OBJ
d:\我的文档\visual studio 2010\Projects\练习\练习\Debug\mt.command.1.tlog
d:\我的文档\visual studio 2010\Projects\练习\练习\Debug\mt.read.1.tlog
d:\我的文档\visual studio 2010\Projects\练习\练习\Debug\mt.write.1.tlog
D:\我的文档\VISUAL STUDIO 2010\PROJECTS\练习\练习\DEBUG\QUEST001.OBJ
D:\我的文档\VISUAL STUDIO 2010\PROJECTS\练习\练习\DEBUG\QUEST004.OBJ
D:\我的文档\VISUAL STUDIO 2010\PROJECTS\练习\练习\DEBUG\QUEST005.OBJ
D:\我的文档\VISUAL STUDIO 2010\PROJECTS\练习\练习\DEBUG\QUEST006.OBJ
D:\我的文档\VISUAL STUDIO 2010\PROJECTS\练习\练习\DEBUG\QUEST007.OBJ
D:\我的文档\VISUAL STUDIO 2010\PROJECTS\练习\练习\DEBUG\QUEST008.OBJ
D:\我的文档\VISUAL STUDIO 2010\PROJECTS\练习\练习\DEBUG\QUEST009.OBJ
D:\我的文档\VISUAL STUDIO 2010\PROJECTS\练习\练习\DEBUG\QUEST011.OBJ
D:\我的文档\VISUAL STUDIO 2010\PROJECTS\练习\练习\DEBUG\QUEST012找素数.OBJ
D:\我的文档\VISUAL STUDIO 2010\PROJECTS\练习\练习\DEBUG\QUEST013-水仙花.OBJ
D:\我的文档\VISUAL STUDIO 2010\PROJECTS\练习\练习\DEBUG\QUEST014.OBJ
D:\我的文档\VISUAL STUDIO 2010\PROJECTS\练习\练习\DEBUG\QUEST015.OBJ
D:\我的文档\VISUAL STUDIO 2010\PROJECTS\练习\练习\DEBUG\QUEST018.OBJ
D:\我的文档\VISUAL STUDIO 2010\PROJECTS\练习\练习\DEBUG\QUEST019.OBJ
D:\我的文档\VISUAL STUDIO 2010\PROJECTS\练习\练习\DEBUG\QUEST020.OBJ
D:\我的文档\VISUAL STUDIO 2010\PROJECTS\练习\练习\DEBUG\QUEST021.OBJ
D:\我的文档\VISUAL STUDIO 2010\PROJECTS\练习\练习\DEBUG\QUEST088.OBJ
D:\我的文档\VISUAL STUDIO 2010\PROJECTS\练习\练习\DEBUG\QUEST089.OBJ
D:\我的文档\VISUAL STUDIO 2010\PROJECTS\练习\练习\DEBUG\QUEST090.OBJ
D:\我的文档\VISUAL STUDIO 2010\PROJECTS\练习\练习\DEBUG\QUEST091.OBJ
D:\我的文档\VISUAL STUDIO 2010\PROJECTS\练习\练习\DEBUG\QUEST092-时间函数.OBJ
D:\我的文档\VISUAL STUDIO 2010\PROJECTS\练习\练习\DEBUG\QUEST093.OBJ
D:\我的文档\VISUAL STUDIO 2010\PROJECTS\练习\练习\DEBUG\QUEST094.OBJ
D:\我的文档\VISUAL STUDIO 2010\PROJECTS\练习\练习\DEBUG\QUEST095.OBJ
D:\我的文档\VISUAL STUDIO 2010\PROJECTS\练习\练习\DEBUG\QUEST096.OBJ
D:\我的文档\VISUAL STUDIO 2010\PROJECTS\练习\练习\DEBUG\QUEST097.OBJ
D:\我的文档\VISUAL STUDIO 2010\PROJECTS\练习\练习\DEBUG\QUEST100.OBJ
D:\我的文档\VISUAL STUDIO 2010\PROJECTS\练习\练习\DEBUG\QUEST100-UP.OBJ
d:\我的文档\visual studio 2010\Projects\练习\练习\Debug\vc100.idb
D:\我的文档\VISUAL STUDIO 2010\PROJECTS\练习\练习\DEBUG\VC100.PDB
D:\我的文档\VISUAL STUDIO 2010\PROJECTS\练习\练习\DEBUG\WORK001.OBJ
D:\我的文档\VISUAL STUDIO 2010\PROJECTS\练习\练习\DEBUG\WORK002-LIST.OBJ
D:\我的文档\VISUAL STUDIO 2010\PROJECTS\练习\练习\DEBUG\WORK003-LIST-MAP.OBJ
D:\我的文档\VISUAL STUDIO 2010\PROJECTS\练习\练习\DEBUG\WORK004.OBJ
D:\我的文档\VISUAL STUDIO 2010\PROJECTS\练习\练习\DEBUG\练习.EXE.INTERMEDIATE.MANIFEST
d:\我的文档\visual studio 2010\Projects\练习\练习\Debug\练习.vcxprojResolveAssemblyReference.cache
d:\我的文档\visual studio 2010\Projects\练习\练习\Debug\练习.write.1.tlog
